  test.cpp
E:\C C++ Files\cplusplus\C++_Hash_2025_10_21\C++_Hash_2025_10_21\test.cpp(17,12): warning C4244: “参数”: 从“time_t”转换到“unsigned int”，可能丢失数据
E:\C C++ Files\cplusplus\C++_Hash_2025_10_21\C++_Hash_2025_10_21\Hash.h(67,36): warning C4244: “参数”: 从“double”转换到“const unsigned __int64”，可能丢失数据
  (编译源文件“test.cpp”)
      E:\C C++ Files\cplusplus\C++_Hash_2025_10_21\C++_Hash_2025_10_21\Hash.h(67,36):
      模板实例化上下文(最早的实例化上下文)为
          E:\C C++ Files\cplusplus\C++_Hash_2025_10_21\C++_Hash_2025_10_21\test.cpp(16,22):
          查看对正在编译的 类 模板 实例化“HashTable<int,int,hashfunc<K>>”的引用
          with
          [
              K=int
          ]
          E:\C C++ Files\cplusplus\C++_Hash_2025_10_21\C++_Hash_2025_10_21\Hash.h(54,7):
          在编译 类 模板 成员函数“void HashTable<int,int,hashfunc<K>>::insert(const std::pair<K,V> &)”时
          with
          [
              K=int,
              V=int
          ]
              E:\C C++ Files\cplusplus\C++_Hash_2025_10_21\C++_Hash_2025_10_21\test.cpp(23,14):
              请参阅 "UnAutoTest" 中对 "HashTable<int,int,hashfunc<K>>::insert" 的第一个引用
          with
          [
              K=int
          ]
  
  C++_Hash_2025_10_21.vcxproj -> E:\C C++ Files\cplusplus\C++_Hash_2025_10_21\x64\Debug\C++_Hash_2025_10_21.exe
